2015-04-12 15:25:43.229 [debug] <0.188.0>@lager_handler_watcher:94 Lager installed handler error_logger_lager_h into error_logger
2015-04-12 15:25:43.233 [error] <0.160.0> Supervisor 'Elixir.Logger.Supervisor' had child 'Elixir.Logger.ErrorHandler' started with 'Elixir.Logger.Watcher':watcher(error_logger, 'Elixir.Logger.ErrorHandler', {true,false,500}, link) at <0.165.0> exit with reason normal in context child_terminated
2015-04-12 15:25:43.233 [debug] <0.160.0> Supervisor 'Elixir.Logger.Supervisor' started 'Elixir.Logger.Watcher':watcher(error_logger, 'Elixir.Logger.ErrorHandler', {true,false,500}, link) at pid <0.190.0>
2015-04-12 15:25:43.235 [debug] <0.171.0> Supervisor gr_param_sup started gr_param:start_link(gr_lager_default_tracer_params) at pid <0.191.0>
2015-04-12 15:25:43.235 [debug] <0.170.0> Supervisor gr_counter_sup started gr_counter:start_link(gr_lager_default_tracer_counters) at pid <0.192.0>
2015-04-12 15:25:43.236 [debug] <0.172.0> Supervisor gr_manager_sup started gr_manager:start_link(gr_lager_default_tracer_params_mgr, gr_lager_default_tracer_params, []) at pid <0.193.0>
2015-04-12 15:25:43.236 [debug] <0.172.0> Supervisor gr_manager_sup started gr_manager:start_link(gr_lager_default_tracer_counters_mgr, gr_lager_default_tracer_counters, [{input,0},{filter,0},{output,0}]) at pid <0.194.0>
2015-04-12 15:25:43.246 [info] <0.7.0> Application lager started on node nonode@nohost
2015-04-12 15:25:43.250 [info] <0.7.0> Application setup started on node nonode@nohost
2015-04-12 15:25:43.254 [debug] <0.204.0> Supervisor exometer_core_sup started exometer_admin:start_link() at pid <0.205.0>
2015-04-12 15:25:43.260 [debug] <0.204.0> Supervisor exometer_core_sup started exometer_cache:start_link() at pid <0.206.0>
2015-04-12 15:25:43.260 [debug] <0.204.0> Supervisor exometer_core_sup started exometer_report:start_link() at pid <0.207.0>
2015-04-12 15:25:43.261 [debug] <0.204.0> Supervisor exometer_core_sup started exometer_folsom_monitor:start_link() at pid <0.208.0>
2015-04-12 15:25:43.264 [debug] <0.204.0> Supervisor exometer_core_sup started exometer_alias:start_link() at pid <0.209.0>
2015-04-12 15:25:43.265 [info] <0.207.0>@exometer_report:do_start_reporters:632 Starting reporters with []
2015-04-12 15:25:43.266 [info] <0.7.0> Application exometer_core started on node nonode@nohost
2015-04-12 15:25:43.267 [info] <0.7.0> Application exometer started on node nonode@nohost
2015-04-12 15:25:43.730 [debug] <0.180.0>@lager_handler_watcher:94 Lager installed handler lager_backend_throttle into lager_event
2015-04-12 15:25:48.862 [debug] <0.167.0>@lager_handler_watcher:94 Lager installed handler error_logger_lager_h into error_logger
2015-04-12 15:25:48.864 [error] <0.139.0> Supervisor 'Elixir.Logger.Supervisor' had child 'Elixir.Logger.ErrorHandler' started with 'Elixir.Logger.Watcher':watcher(error_logger, 'Elixir.Logger.ErrorHandler', {true,false,500}, link) at <0.144.0> exit with reason normal in context child_terminated
2015-04-12 15:25:48.864 [debug] <0.139.0> Supervisor 'Elixir.Logger.Supervisor' started 'Elixir.Logger.Watcher':watcher(error_logger, 'Elixir.Logger.ErrorHandler', {true,false,500}, link) at pid <0.169.0>
2015-04-12 15:25:48.866 [debug] <0.150.0> Supervisor gr_param_sup started gr_param:start_link(gr_lager_default_tracer_params) at pid <0.170.0>
2015-04-12 15:25:48.867 [debug] <0.149.0> Supervisor gr_counter_sup started gr_counter:start_link(gr_lager_default_tracer_counters) at pid <0.171.0>
2015-04-12 15:25:48.867 [debug] <0.151.0> Supervisor gr_manager_sup started gr_manager:start_link(gr_lager_default_tracer_params_mgr, gr_lager_default_tracer_params, []) at pid <0.172.0>
2015-04-12 15:25:48.867 [debug] <0.151.0> Supervisor gr_manager_sup started gr_manager:start_link(gr_lager_default_tracer_counters_mgr, gr_lager_default_tracer_counters, [{input,0},{filter,0},{output,0}]) at pid <0.173.0>
2015-04-12 15:25:48.883 [info] <0.7.0> Application lager started on node nonode@nohost
2015-04-12 15:25:48.886 [info] <0.7.0> Application setup started on node nonode@nohost
2015-04-12 15:25:48.891 [debug] <0.183.0> Supervisor exometer_core_sup started exometer_admin:start_link() at pid <0.184.0>
2015-04-12 15:25:48.893 [debug] <0.183.0> Supervisor exometer_core_sup started exometer_cache:start_link() at pid <0.185.0>
2015-04-12 15:25:48.896 [debug] <0.183.0> Supervisor exometer_core_sup started exometer_report:start_link() at pid <0.186.0>
2015-04-12 15:25:48.897 [debug] <0.183.0> Supervisor exometer_core_sup started exometer_folsom_monitor:start_link() at pid <0.187.0>
2015-04-12 15:25:48.898 [debug] <0.183.0> Supervisor exometer_core_sup started exometer_alias:start_link() at pid <0.188.0>
2015-04-12 15:25:48.900 [info] <0.186.0>@exometer_report:do_start_reporters:632 Starting reporters with []
2015-04-12 15:25:48.900 [info] <0.7.0> Application exometer_core started on node nonode@nohost
2015-04-12 15:25:48.902 [info] <0.7.0> Application exometer started on node nonode@nohost
2015-04-12 15:25:49.360 [debug] <0.159.0>@lager_handler_watcher:94 Lager installed handler lager_backend_throttle into lager_event
2015-04-12 15:26:18.485 [debug] <0.188.0>@lager_handler_watcher:94 Lager installed handler error_logger_lager_h into error_logger
2015-04-12 15:26:18.489 [error] <0.160.0> Supervisor 'Elixir.Logger.Supervisor' had child 'Elixir.Logger.ErrorHandler' started with 'Elixir.Logger.Watcher':watcher(error_logger, 'Elixir.Logger.ErrorHandler', {true,false,500}, link) at <0.165.0> exit with reason normal in context child_terminated
2015-04-12 15:26:18.489 [debug] <0.160.0> Supervisor 'Elixir.Logger.Supervisor' started 'Elixir.Logger.Watcher':watcher(error_logger, 'Elixir.Logger.ErrorHandler', {true,false,500}, link) at pid <0.190.0>
2015-04-12 15:26:18.491 [debug] <0.171.0> Supervisor gr_param_sup started gr_param:start_link(gr_lager_default_tracer_params) at pid <0.191.0>
2015-04-12 15:26:18.492 [debug] <0.170.0> Supervisor gr_counter_sup started gr_counter:start_link(gr_lager_default_tracer_counters) at pid <0.192.0>
2015-04-12 15:26:18.492 [debug] <0.172.0> Supervisor gr_manager_sup started gr_manager:start_link(gr_lager_default_tracer_params_mgr, gr_lager_default_tracer_params, []) at pid <0.193.0>
2015-04-12 15:26:18.493 [debug] <0.172.0> Supervisor gr_manager_sup started gr_manager:start_link(gr_lager_default_tracer_counters_mgr, gr_lager_default_tracer_counters, [{input,0},{filter,0},{output,0}]) at pid <0.194.0>
2015-04-12 15:26:18.503 [info] <0.7.0> Application lager started on node nonode@nohost
2015-04-12 15:26:18.507 [info] <0.7.0> Application setup started on node nonode@nohost
2015-04-12 15:26:18.512 [debug] <0.204.0> Supervisor exometer_core_sup started exometer_admin:start_link() at pid <0.205.0>
2015-04-12 15:26:18.514 [debug] <0.204.0> Supervisor exometer_core_sup started exometer_cache:start_link() at pid <0.206.0>
2015-04-12 15:26:18.514 [debug] <0.204.0> Supervisor exometer_core_sup started exometer_report:start_link() at pid <0.207.0>
2015-04-12 15:26:18.516 [debug] <0.204.0> Supervisor exometer_core_sup started exometer_folsom_monitor:start_link() at pid <0.208.0>
2015-04-12 15:26:18.517 [debug] <0.204.0> Supervisor exometer_core_sup started exometer_alias:start_link() at pid <0.209.0>
2015-04-12 15:26:18.519 [info] <0.207.0>@exometer_report:do_start_reporters:632 Starting reporters with []
2015-04-12 15:26:18.519 [info] <0.7.0> Application exometer_core started on node nonode@nohost
2015-04-12 15:26:18.521 [info] <0.7.0> Application exometer started on node nonode@nohost
2015-04-12 15:26:18.521 [info] <0.7.0> Application elixometer started on node nonode@nohost
2015-04-12 15:26:18.984 [debug] <0.180.0>@lager_handler_watcher:94 Lager installed handler lager_backend_throttle into lager_event
2015-04-12 15:50:46.150 [debug] <0.198.0>@lager_handler_watcher:94 Lager installed handler error_logger_lager_h into error_logger
2015-04-12 15:50:46.154 [error] <0.170.0> Supervisor 'Elixir.Logger.Supervisor' had child 'Elixir.Logger.ErrorHandler' started with 'Elixir.Logger.Watcher':watcher(error_logger, 'Elixir.Logger.ErrorHandler', {true,false,500}, link) at <0.175.0> exit with reason normal in context child_terminated
2015-04-12 15:50:46.154 [debug] <0.170.0> Supervisor 'Elixir.Logger.Supervisor' started 'Elixir.Logger.Watcher':watcher(error_logger, 'Elixir.Logger.ErrorHandler', {true,false,500}, link) at pid <0.200.0>
2015-04-12 15:50:46.156 [debug] <0.181.0> Supervisor gr_param_sup started gr_param:start_link(gr_lager_default_tracer_params) at pid <0.201.0>
2015-04-12 15:50:46.157 [debug] <0.180.0> Supervisor gr_counter_sup started gr_counter:start_link(gr_lager_default_tracer_counters) at pid <0.202.0>
2015-04-12 15:50:46.158 [debug] <0.182.0> Supervisor gr_manager_sup started gr_manager:start_link(gr_lager_default_tracer_params_mgr, gr_lager_default_tracer_params, []) at pid <0.203.0>
2015-04-12 15:50:46.158 [debug] <0.182.0> Supervisor gr_manager_sup started gr_manager:start_link(gr_lager_default_tracer_counters_mgr, gr_lager_default_tracer_counters, [{input,0},{filter,0},{output,0}]) at pid <0.204.0>
2015-04-12 15:50:46.169 [info] <0.7.0> Application lager started on node nonode@nohost
2015-04-12 15:50:46.173 [info] <0.7.0> Application setup started on node nonode@nohost
2015-04-12 15:50:46.178 [debug] <0.214.0> Supervisor exometer_core_sup started exometer_admin:start_link() at pid <0.215.0>
2015-04-12 15:50:46.181 [debug] <0.214.0> Supervisor exometer_core_sup started exometer_cache:start_link() at pid <0.216.0>
2015-04-12 15:50:46.181 [debug] <0.214.0> Supervisor exometer_core_sup started exometer_report:start_link() at pid <0.217.0>
2015-04-12 15:50:46.182 [debug] <0.214.0> Supervisor exometer_core_sup started exometer_folsom_monitor:start_link() at pid <0.218.0>
2015-04-12 15:50:46.183 [debug] <0.214.0> Supervisor exometer_core_sup started exometer_alias:start_link() at pid <0.219.0>
2015-04-12 15:50:46.184 [info] <0.217.0>@exometer_report:do_start_reporters:632 Starting reporters with []
2015-04-12 15:50:46.184 [info] <0.7.0> Application exometer_core started on node nonode@nohost
2015-04-12 15:50:46.186 [info] <0.7.0> Application exometer started on node nonode@nohost
2015-04-12 15:50:46.186 [debug] <0.28.0> Supervisor kernel_safe_sup started timer:start_link() at pid <0.229.0>
2015-04-12 15:50:46.186 [debug] <0.227.0> Supervisor {<0.227.0>,'Elixir.Elixometer.Supervisor'} started 'Elixir.Elixometer':start_link() at pid <0.228.0>
2015-04-12 15:50:46.186 [info] <0.7.0> Application elixometer started on node nonode@nohost
2015-04-12 15:50:46.651 [debug] <0.190.0>@lager_handler_watcher:94 Lager installed handler lager_backend_throttle into lager_event
2015-04-12 15:51:28.260 [debug] <0.198.0>@lager_handler_watcher:94 Lager installed handler error_logger_lager_h into error_logger
2015-04-12 15:51:28.266 [error] <0.170.0> Supervisor 'Elixir.Logger.Supervisor' had child 'Elixir.Logger.ErrorHandler' started with 'Elixir.Logger.Watcher':watcher(error_logger, 'Elixir.Logger.ErrorHandler', {true,false,500}, link) at <0.175.0> exit with reason normal in context child_terminated
2015-04-12 15:51:28.266 [debug] <0.170.0> Supervisor 'Elixir.Logger.Supervisor' started 'Elixir.Logger.Watcher':watcher(error_logger, 'Elixir.Logger.ErrorHandler', {true,false,500}, link) at pid <0.200.0>
2015-04-12 15:51:28.268 [debug] <0.181.0> Supervisor gr_param_sup started gr_param:start_link(gr_lager_default_tracer_params) at pid <0.201.0>
2015-04-12 15:51:28.269 [debug] <0.180.0> Supervisor gr_counter_sup started gr_counter:start_link(gr_lager_default_tracer_counters) at pid <0.202.0>
2015-04-12 15:51:28.269 [debug] <0.182.0> Supervisor gr_manager_sup started gr_manager:start_link(gr_lager_default_tracer_params_mgr, gr_lager_default_tracer_params, []) at pid <0.203.0>
2015-04-12 15:51:28.270 [debug] <0.182.0> Supervisor gr_manager_sup started gr_manager:start_link(gr_lager_default_tracer_counters_mgr, gr_lager_default_tracer_counters, [{input,0},{filter,0},{output,0}]) at pid <0.204.0>
2015-04-12 15:51:28.280 [info] <0.7.0> Application lager started on node nonode@nohost
2015-04-12 15:51:28.286 [info] <0.7.0> Application setup started on node nonode@nohost
2015-04-12 15:51:28.291 [debug] <0.214.0> Supervisor exometer_core_sup started exometer_admin:start_link() at pid <0.215.0>
2015-04-12 15:51:28.293 [debug] <0.214.0> Supervisor exometer_core_sup started exometer_cache:start_link() at pid <0.216.0>
2015-04-12 15:51:28.293 [debug] <0.214.0> Supervisor exometer_core_sup started exometer_report:start_link() at pid <0.217.0>
2015-04-12 15:51:28.294 [debug] <0.214.0> Supervisor exometer_core_sup started exometer_folsom_monitor:start_link() at pid <0.218.0>
2015-04-12 15:51:28.295 [debug] <0.214.0> Supervisor exometer_core_sup started exometer_alias:start_link() at pid <0.219.0>
2015-04-12 15:51:28.296 [info] <0.217.0>@exometer_report:do_start_reporters:632 Starting reporters with []
2015-04-12 15:51:28.297 [info] <0.7.0> Application exometer_core started on node nonode@nohost
2015-04-12 15:51:28.298 [info] <0.7.0> Application exometer started on node nonode@nohost
2015-04-12 15:51:28.298 [debug] <0.28.0> Supervisor kernel_safe_sup started timer:start_link() at pid <0.229.0>
2015-04-12 15:51:28.298 [debug] <0.227.0> Supervisor {<0.227.0>,'Elixir.Elixometer.Supervisor'} started 'Elixir.Elixometer':start_link() at pid <0.228.0>
2015-04-12 15:51:28.298 [info] <0.7.0> Application elixometer started on node nonode@nohost
2015-04-12 15:51:28.759 [debug] <0.190.0>@lager_handler_watcher:94 Lager installed handler lager_backend_throttle into lager_event
2015-04-12 15:52:48.170 [debug] <0.198.0>@lager_handler_watcher:94 Lager installed handler error_logger_lager_h into error_logger
2015-04-12 15:52:48.174 [error] <0.170.0> Supervisor 'Elixir.Logger.Supervisor' had child 'Elixir.Logger.ErrorHandler' started with 'Elixir.Logger.Watcher':watcher(error_logger, 'Elixir.Logger.ErrorHandler', {true,false,500}, link) at <0.175.0> exit with reason normal in context child_terminated
2015-04-12 15:52:48.174 [debug] <0.170.0> Supervisor 'Elixir.Logger.Supervisor' started 'Elixir.Logger.Watcher':watcher(error_logger, 'Elixir.Logger.ErrorHandler', {true,false,500}, link) at pid <0.200.0>
2015-04-12 15:52:48.177 [debug] <0.181.0> Supervisor gr_param_sup started gr_param:start_link(gr_lager_default_tracer_params) at pid <0.201.0>
2015-04-12 15:52:48.178 [debug] <0.180.0> Supervisor gr_counter_sup started gr_counter:start_link(gr_lager_default_tracer_counters) at pid <0.202.0>
2015-04-12 15:52:48.179 [debug] <0.182.0> Supervisor gr_manager_sup started gr_manager:start_link(gr_lager_default_tracer_params_mgr, gr_lager_default_tracer_params, []) at pid <0.203.0>
2015-04-12 15:52:48.179 [debug] <0.182.0> Supervisor gr_manager_sup started gr_manager:start_link(gr_lager_default_tracer_counters_mgr, gr_lager_default_tracer_counters, [{input,0},{filter,0},{output,0}]) at pid <0.204.0>
2015-04-12 15:52:48.189 [info] <0.7.0> Application lager started on node nonode@nohost
2015-04-12 15:52:48.193 [info] <0.7.0> Application setup started on node nonode@nohost
2015-04-12 15:52:48.197 [debug] <0.214.0> Supervisor exometer_core_sup started exometer_admin:start_link() at pid <0.215.0>
2015-04-12 15:52:48.199 [debug] <0.214.0> Supervisor exometer_core_sup started exometer_cache:start_link() at pid <0.216.0>
2015-04-12 15:52:48.199 [debug] <0.214.0> Supervisor exometer_core_sup started exometer_report:start_link() at pid <0.217.0>
2015-04-12 15:52:48.201 [debug] <0.214.0> Supervisor exometer_core_sup started exometer_folsom_monitor:start_link() at pid <0.218.0>
2015-04-12 15:52:48.202 [debug] <0.214.0> Supervisor exometer_core_sup started exometer_alias:start_link() at pid <0.219.0>
2015-04-12 15:52:48.203 [info] <0.217.0>@exometer_report:do_start_reporters:632 Starting reporters with []
2015-04-12 15:52:48.204 [info] <0.7.0> Application exometer_core started on node nonode@nohost
2015-04-12 15:52:48.205 [info] <0.7.0> Application exometer started on node nonode@nohost
2015-04-12 15:52:48.205 [debug] <0.28.0> Supervisor kernel_safe_sup started timer:start_link() at pid <0.229.0>
2015-04-12 15:52:48.205 [debug] <0.227.0> Supervisor {<0.227.0>,'Elixir.Elixometer.Supervisor'} started 'Elixir.Elixometer':start_link() at pid <0.228.0>
2015-04-12 15:52:48.205 [info] <0.7.0> Application elixometer started on node nonode@nohost
2015-04-12 15:52:48.666 [debug] <0.190.0>@lager_handler_watcher:94 Lager installed handler lager_backend_throttle into lager_event
2015-04-12 15:59:54.082 [debug] <0.167.0>@lager_handler_watcher:94 Lager installed handler error_logger_lager_h into error_logger
2015-04-12 15:59:54.083 [error] <0.139.0> Supervisor 'Elixir.Logger.Supervisor' had child 'Elixir.Logger.ErrorHandler' started with 'Elixir.Logger.Watcher':watcher(error_logger, 'Elixir.Logger.ErrorHandler', {true,false,500}, link) at <0.144.0> exit with reason normal in context child_terminated
2015-04-12 15:59:54.083 [debug] <0.139.0> Supervisor 'Elixir.Logger.Supervisor' started 'Elixir.Logger.Watcher':watcher(error_logger, 'Elixir.Logger.ErrorHandler', {true,false,500}, link) at pid <0.169.0>
2015-04-12 15:59:54.085 [debug] <0.150.0> Supervisor gr_param_sup started gr_param:start_link(gr_lager_default_tracer_params) at pid <0.170.0>
2015-04-12 15:59:54.086 [debug] <0.149.0> Supervisor gr_counter_sup started gr_counter:start_link(gr_lager_default_tracer_counters) at pid <0.171.0>
2015-04-12 15:59:54.087 [debug] <0.151.0> Supervisor gr_manager_sup started gr_manager:start_link(gr_lager_default_tracer_params_mgr, gr_lager_default_tracer_params, []) at pid <0.172.0>
2015-04-12 15:59:54.087 [debug] <0.151.0> Supervisor gr_manager_sup started gr_manager:start_link(gr_lager_default_tracer_counters_mgr, gr_lager_default_tracer_counters, [{input,0},{filter,0},{output,0}]) at pid <0.173.0>
2015-04-12 15:59:54.097 [info] <0.7.0> Application lager started on node nonode@nohost
2015-04-12 15:59:54.100 [info] <0.7.0> Application setup started on node nonode@nohost
2015-04-12 15:59:54.104 [debug] <0.183.0> Supervisor exometer_core_sup started exometer_admin:start_link() at pid <0.184.0>
2015-04-12 15:59:54.105 [debug] <0.183.0> Supervisor exometer_core_sup started exometer_cache:start_link() at pid <0.185.0>
2015-04-12 15:59:54.107 [debug] <0.183.0> Supervisor exometer_core_sup started exometer_report:start_link() at pid <0.186.0>
2015-04-12 15:59:54.108 [debug] <0.183.0> Supervisor exometer_core_sup started exometer_folsom_monitor:start_link() at pid <0.187.0>
2015-04-12 15:59:54.109 [debug] <0.183.0> Supervisor exometer_core_sup started exometer_alias:start_link() at pid <0.188.0>
2015-04-12 15:59:54.111 [info] <0.186.0>@exometer_report:do_start_reporters:632 Starting reporters with []
2015-04-12 15:59:54.111 [info] <0.7.0> Application exometer_core started on node nonode@nohost
2015-04-12 15:59:54.112 [info] <0.7.0> Application exometer started on node nonode@nohost
2015-04-12 15:59:54.114 [debug] <0.28.0> Supervisor kernel_safe_sup started timer:start_link() at pid <0.198.0>
2015-04-12 15:59:54.114 [debug] <0.196.0> Supervisor {<0.196.0>,'Elixir.Elixometer.Supervisor'} started 'Elixir.Elixometer':start_link() at pid <0.197.0>
2015-04-12 15:59:54.114 [info] <0.7.0> Application elixometer started on node nonode@nohost
2015-04-12 15:59:54.575 [debug] <0.159.0>@lager_handler_watcher:94 Lager installed handler lager_backend_throttle into lager_event
2015-04-12 18:54:53.815 [debug] <0.198.0>@lager_handler_watcher:94 Lager installed handler error_logger_lager_h into error_logger
2015-04-12 18:54:53.820 [error] <0.170.0> Supervisor 'Elixir.Logger.Supervisor' had child 'Elixir.Logger.ErrorHandler' started with 'Elixir.Logger.Watcher':watcher(error_logger, 'Elixir.Logger.ErrorHandler', {true,false,500}, link) at <0.175.0> exit with reason normal in context child_terminated
2015-04-12 18:54:53.820 [debug] <0.170.0> Supervisor 'Elixir.Logger.Supervisor' started 'Elixir.Logger.Watcher':watcher(error_logger, 'Elixir.Logger.ErrorHandler', {true,false,500}, link) at pid <0.200.0>
2015-04-12 18:54:53.822 [debug] <0.181.0> Supervisor gr_param_sup started gr_param:start_link(gr_lager_default_tracer_params) at pid <0.201.0>
2015-04-12 18:54:53.823 [debug] <0.180.0> Supervisor gr_counter_sup started gr_counter:start_link(gr_lager_default_tracer_counters) at pid <0.202.0>
2015-04-12 18:54:53.824 [debug] <0.182.0> Supervisor gr_manager_sup started gr_manager:start_link(gr_lager_default_tracer_params_mgr, gr_lager_default_tracer_params, []) at pid <0.203.0>
2015-04-12 18:54:53.824 [debug] <0.182.0> Supervisor gr_manager_sup started gr_manager:start_link(gr_lager_default_tracer_counters_mgr, gr_lager_default_tracer_counters, [{input,0},{filter,0},{output,0}]) at pid <0.204.0>
2015-04-12 18:54:53.834 [info] <0.7.0> Application lager started on node nonode@nohost
2015-04-12 18:54:53.838 [info] <0.7.0> Application setup started on node nonode@nohost
2015-04-12 18:54:53.843 [debug] <0.214.0> Supervisor exometer_core_sup started exometer_admin:start_link() at pid <0.215.0>
2015-04-12 18:54:53.846 [debug] <0.214.0> Supervisor exometer_core_sup started exometer_cache:start_link() at pid <0.216.0>
2015-04-12 18:54:53.846 [debug] <0.214.0> Supervisor exometer_core_sup started exometer_report:start_link() at pid <0.217.0>
2015-04-12 18:54:53.848 [debug] <0.214.0> Supervisor exometer_core_sup started exometer_folsom_monitor:start_link() at pid <0.218.0>
2015-04-12 18:54:53.849 [debug] <0.214.0> Supervisor exometer_core_sup started exometer_alias:start_link() at pid <0.219.0>
2015-04-12 18:54:53.851 [info] <0.217.0>@exometer_report:do_start_reporters:632 Starting reporters with []
2015-04-12 18:54:53.851 [info] <0.7.0> Application exometer_core started on node nonode@nohost
2015-04-12 18:54:53.852 [info] <0.7.0> Application exometer started on node nonode@nohost
2015-04-12 18:54:53.853 [debug] <0.28.0> Supervisor kernel_safe_sup started timer:start_link() at pid <0.229.0>
2015-04-12 18:54:53.853 [debug] <0.227.0> Supervisor {<0.227.0>,'Elixir.Elixometer.Supervisor'} started 'Elixir.Elixometer':start_link() at pid <0.228.0>
2015-04-12 18:54:53.853 [info] <0.7.0> Application elixometer started on node nonode@nohost
2015-04-12 18:54:54.316 [debug] <0.190.0>@lager_handler_watcher:94 Lager installed handler lager_backend_throttle into lager_event
2015-04-12 18:55:11.962 [debug] <0.198.0>@lager_handler_watcher:94 Lager installed handler error_logger_lager_h into error_logger
2015-04-12 18:55:11.966 [error] <0.170.0> Supervisor 'Elixir.Logger.Supervisor' had child 'Elixir.Logger.ErrorHandler' started with 'Elixir.Logger.Watcher':watcher(error_logger, 'Elixir.Logger.ErrorHandler', {true,false,500}, link) at <0.175.0> exit with reason normal in context child_terminated
2015-04-12 18:55:11.966 [debug] <0.170.0> Supervisor 'Elixir.Logger.Supervisor' started 'Elixir.Logger.Watcher':watcher(error_logger, 'Elixir.Logger.ErrorHandler', {true,false,500}, link) at pid <0.200.0>
2015-04-12 18:55:11.968 [debug] <0.181.0> Supervisor gr_param_sup started gr_param:start_link(gr_lager_default_tracer_params) at pid <0.201.0>
2015-04-12 18:55:11.969 [debug] <0.180.0> Supervisor gr_counter_sup started gr_counter:start_link(gr_lager_default_tracer_counters) at pid <0.202.0>
2015-04-12 18:55:11.969 [debug] <0.182.0> Supervisor gr_manager_sup started gr_manager:start_link(gr_lager_default_tracer_params_mgr, gr_lager_default_tracer_params, []) at pid <0.203.0>
2015-04-12 18:55:11.970 [debug] <0.182.0> Supervisor gr_manager_sup started gr_manager:start_link(gr_lager_default_tracer_counters_mgr, gr_lager_default_tracer_counters, [{input,0},{filter,0},{output,0}]) at pid <0.204.0>
2015-04-12 18:55:11.980 [info] <0.7.0> Application lager started on node nonode@nohost
2015-04-12 18:55:11.984 [info] <0.7.0> Application setup started on node nonode@nohost
2015-04-12 18:55:11.987 [debug] <0.214.0> Supervisor exometer_core_sup started exometer_admin:start_link() at pid <0.215.0>
2015-04-12 18:55:11.989 [debug] <0.214.0> Supervisor exometer_core_sup started exometer_cache:start_link() at pid <0.216.0>
2015-04-12 18:55:11.989 [debug] <0.214.0> Supervisor exometer_core_sup started exometer_report:start_link() at pid <0.217.0>
2015-04-12 18:55:11.991 [debug] <0.214.0> Supervisor exometer_core_sup started exometer_folsom_monitor:start_link() at pid <0.218.0>
2015-04-12 18:55:11.992 [debug] <0.214.0> Supervisor exometer_core_sup started exometer_alias:start_link() at pid <0.219.0>
2015-04-12 18:55:11.993 [info] <0.217.0>@exometer_report:do_start_reporters:632 Starting reporters with []
2015-04-12 18:55:11.993 [info] <0.7.0> Application exometer_core started on node nonode@nohost
2015-04-12 18:55:11.995 [info] <0.7.0> Application exometer started on node nonode@nohost
2015-04-12 18:55:11.995 [debug] <0.28.0> Supervisor kernel_safe_sup started timer:start_link() at pid <0.229.0>
2015-04-12 18:55:11.995 [debug] <0.227.0> Supervisor {<0.227.0>,'Elixir.Elixometer.Supervisor'} started 'Elixir.Elixometer':start_link() at pid <0.228.0>
2015-04-12 18:55:11.995 [info] <0.7.0> Application elixometer started on node nonode@nohost
2015-04-12 18:55:12.463 [debug] <0.190.0>@lager_handler_watcher:94 Lager installed handler lager_backend_throttle into lager_event
2015-04-12 18:55:54.319 [debug] <0.198.0>@lager_handler_watcher:94 Lager installed handler error_logger_lager_h into error_logger
2015-04-12 18:55:54.323 [error] <0.170.0> Supervisor 'Elixir.Logger.Supervisor' had child 'Elixir.Logger.ErrorHandler' started with 'Elixir.Logger.Watcher':watcher(error_logger, 'Elixir.Logger.ErrorHandler', {true,false,500}, link) at <0.175.0> exit with reason normal in context child_terminated
2015-04-12 18:55:54.323 [debug] <0.170.0> Supervisor 'Elixir.Logger.Supervisor' started 'Elixir.Logger.Watcher':watcher(error_logger, 'Elixir.Logger.ErrorHandler', {true,false,500}, link) at pid <0.200.0>
2015-04-12 18:55:54.324 [debug] <0.181.0> Supervisor gr_param_sup started gr_param:start_link(gr_lager_default_tracer_params) at pid <0.201.0>
2015-04-12 18:55:54.325 [debug] <0.180.0> Supervisor gr_counter_sup started gr_counter:start_link(gr_lager_default_tracer_counters) at pid <0.202.0>
2015-04-12 18:55:54.326 [debug] <0.182.0> Supervisor gr_manager_sup started gr_manager:start_link(gr_lager_default_tracer_params_mgr, gr_lager_default_tracer_params, []) at pid <0.203.0>
2015-04-12 18:55:54.326 [debug] <0.182.0> Supervisor gr_manager_sup started gr_manager:start_link(gr_lager_default_tracer_counters_mgr, gr_lager_default_tracer_counters, [{input,0},{filter,0},{output,0}]) at pid <0.204.0>
2015-04-12 18:55:54.337 [info] <0.7.0> Application lager started on node nonode@nohost
2015-04-12 18:55:54.341 [info] <0.7.0> Application setup started on node nonode@nohost
2015-04-12 18:55:54.345 [debug] <0.214.0> Supervisor exometer_core_sup started exometer_admin:start_link() at pid <0.215.0>
2015-04-12 18:55:54.348 [debug] <0.214.0> Supervisor exometer_core_sup started exometer_cache:start_link() at pid <0.216.0>
2015-04-12 18:55:54.348 [debug] <0.214.0> Supervisor exometer_core_sup started exometer_report:start_link() at pid <0.217.0>
2015-04-12 18:55:54.349 [debug] <0.214.0> Supervisor exometer_core_sup started exometer_folsom_monitor:start_link() at pid <0.218.0>
2015-04-12 18:55:54.350 [debug] <0.214.0> Supervisor exometer_core_sup started exometer_alias:start_link() at pid <0.219.0>
2015-04-12 18:55:54.351 [info] <0.217.0>@exometer_report:do_start_reporters:632 Starting reporters with []
2015-04-12 18:55:54.352 [info] <0.7.0> Application exometer_core started on node nonode@nohost
2015-04-12 18:55:54.354 [info] <0.7.0> Application exometer started on node nonode@nohost
2015-04-12 18:55:54.354 [debug] <0.28.0> Supervisor kernel_safe_sup started timer:start_link() at pid <0.229.0>
2015-04-12 18:55:54.354 [debug] <0.227.0> Supervisor {<0.227.0>,'Elixir.Elixometer.Supervisor'} started 'Elixir.Elixometer':start_link() at pid <0.228.0>
2015-04-12 18:55:54.354 [info] <0.7.0> Application elixometer started on node nonode@nohost
2015-04-12 18:55:54.816 [debug] <0.190.0>@lager_handler_watcher:94 Lager installed handler lager_backend_throttle into lager_event
2015-04-12 19:02:21.948 [debug] <0.198.0>@lager_handler_watcher:94 Lager installed handler error_logger_lager_h into error_logger
2015-04-12 19:02:21.952 [error] <0.170.0> Supervisor 'Elixir.Logger.Supervisor' had child 'Elixir.Logger.ErrorHandler' started with 'Elixir.Logger.Watcher':watcher(error_logger, 'Elixir.Logger.ErrorHandler', {true,false,500}, link) at <0.175.0> exit with reason normal in context child_terminated
2015-04-12 19:02:21.952 [debug] <0.170.0> Supervisor 'Elixir.Logger.Supervisor' started 'Elixir.Logger.Watcher':watcher(error_logger, 'Elixir.Logger.ErrorHandler', {true,false,500}, link) at pid <0.200.0>
2015-04-12 19:02:21.954 [debug] <0.181.0> Supervisor gr_param_sup started gr_param:start_link(gr_lager_default_tracer_params) at pid <0.201.0>
2015-04-12 19:02:21.954 [debug] <0.180.0> Supervisor gr_counter_sup started gr_counter:start_link(gr_lager_default_tracer_counters) at pid <0.202.0>
2015-04-12 19:02:21.955 [debug] <0.182.0> Supervisor gr_manager_sup started gr_manager:start_link(gr_lager_default_tracer_params_mgr, gr_lager_default_tracer_params, []) at pid <0.203.0>
2015-04-12 19:02:21.955 [debug] <0.182.0> Supervisor gr_manager_sup started gr_manager:start_link(gr_lager_default_tracer_counters_mgr, gr_lager_default_tracer_counters, [{input,0},{filter,0},{output,0}]) at pid <0.204.0>
2015-04-12 19:02:21.965 [info] <0.7.0> Application lager started on node nonode@nohost
2015-04-12 19:02:21.969 [info] <0.7.0> Application setup started on node nonode@nohost
2015-04-12 19:02:21.973 [debug] <0.214.0> Supervisor exometer_core_sup started exometer_admin:start_link() at pid <0.215.0>
2015-04-12 19:02:21.975 [debug] <0.214.0> Supervisor exometer_core_sup started exometer_cache:start_link() at pid <0.216.0>
2015-04-12 19:02:21.975 [debug] <0.214.0> Supervisor exometer_core_sup started exometer_report:start_link() at pid <0.217.0>
2015-04-12 19:02:21.976 [debug] <0.214.0> Supervisor exometer_core_sup started exometer_folsom_monitor:start_link() at pid <0.218.0>
2015-04-12 19:02:21.977 [debug] <0.214.0> Supervisor exometer_core_sup started exometer_alias:start_link() at pid <0.219.0>
2015-04-12 19:02:21.978 [info] <0.217.0>@exometer_report:do_start_reporters:632 Starting reporters with []
2015-04-12 19:02:21.978 [info] <0.7.0> Application exometer_core started on node nonode@nohost
2015-04-12 19:02:21.980 [info] <0.7.0> Application exometer started on node nonode@nohost
2015-04-12 19:02:21.980 [debug] <0.28.0> Supervisor kernel_safe_sup started timer:start_link() at pid <0.229.0>
2015-04-12 19:02:21.980 [debug] <0.227.0> Supervisor {<0.227.0>,'Elixir.Elixometer.Supervisor'} started 'Elixir.Elixometer':start_link() at pid <0.228.0>
2015-04-12 19:02:21.980 [info] <0.7.0> Application elixometer started on node nonode@nohost
2015-04-12 19:02:22.445 [debug] <0.190.0>@lager_handler_watcher:94 Lager installed handler lager_backend_throttle into lager_event
2015-04-12 19:04:29.763 [debug] <0.198.0>@lager_handler_watcher:94 Lager installed handler error_logger_lager_h into error_logger
2015-04-12 19:04:29.767 [error] <0.170.0> Supervisor 'Elixir.Logger.Supervisor' had child 'Elixir.Logger.ErrorHandler' started with 'Elixir.Logger.Watcher':watcher(error_logger, 'Elixir.Logger.ErrorHandler', {true,false,500}, link) at <0.175.0> exit with reason normal in context child_terminated
2015-04-12 19:04:29.767 [debug] <0.170.0> Supervisor 'Elixir.Logger.Supervisor' started 'Elixir.Logger.Watcher':watcher(error_logger, 'Elixir.Logger.ErrorHandler', {true,false,500}, link) at pid <0.200.0>
2015-04-12 19:04:29.769 [debug] <0.181.0> Supervisor gr_param_sup started gr_param:start_link(gr_lager_default_tracer_params) at pid <0.201.0>
2015-04-12 19:04:29.769 [debug] <0.180.0> Supervisor gr_counter_sup started gr_counter:start_link(gr_lager_default_tracer_counters) at pid <0.202.0>
2015-04-12 19:04:29.770 [debug] <0.182.0> Supervisor gr_manager_sup started gr_manager:start_link(gr_lager_default_tracer_params_mgr, gr_lager_default_tracer_params, []) at pid <0.203.0>
2015-04-12 19:04:29.770 [debug] <0.182.0> Supervisor gr_manager_sup started gr_manager:start_link(gr_lager_default_tracer_counters_mgr, gr_lager_default_tracer_counters, [{input,0},{filter,0},{output,0}]) at pid <0.204.0>
2015-04-12 19:04:29.780 [info] <0.7.0> Application lager started on node nonode@nohost
2015-04-12 19:04:29.784 [info] <0.7.0> Application setup started on node nonode@nohost
2015-04-12 19:04:29.788 [debug] <0.214.0> Supervisor exometer_core_sup started exometer_admin:start_link() at pid <0.215.0>
2015-04-12 19:04:29.790 [debug] <0.214.0> Supervisor exometer_core_sup started exometer_cache:start_link() at pid <0.216.0>
2015-04-12 19:04:29.790 [debug] <0.214.0> Supervisor exometer_core_sup started exometer_report:start_link() at pid <0.217.0>
2015-04-12 19:04:29.791 [debug] <0.214.0> Supervisor exometer_core_sup started exometer_folsom_monitor:start_link() at pid <0.218.0>
2015-04-12 19:04:29.792 [debug] <0.214.0> Supervisor exometer_core_sup started exometer_alias:start_link() at pid <0.219.0>
2015-04-12 19:04:29.793 [info] <0.217.0>@exometer_report:do_start_reporters:632 Starting reporters with []
2015-04-12 19:04:29.793 [info] <0.7.0> Application exometer_core started on node nonode@nohost
2015-04-12 19:04:29.795 [info] <0.7.0> Application exometer started on node nonode@nohost
2015-04-12 19:04:29.795 [debug] <0.28.0> Supervisor kernel_safe_sup started timer:start_link() at pid <0.229.0>
2015-04-12 19:04:29.795 [debug] <0.227.0> Supervisor {<0.227.0>,'Elixir.Elixometer.Supervisor'} started 'Elixir.Elixometer':start_link() at pid <0.228.0>
2015-04-12 19:04:29.795 [info] <0.7.0> Application elixometer started on node nonode@nohost
2015-04-12 19:04:30.261 [debug] <0.190.0>@lager_handler_watcher:94 Lager installed handler lager_backend_throttle into lager_event
